Overview;General description
Features
Steps;How to
Structure
Path;Directory
Advice;Tip;Recommendation
GitHub;Repository
Document;Chapter
W3C
Link;Hyperlink
Image;Picture
WYSIWYG
Code
Diagram;Graph
Text
Heading;Structure;Breakdown;Division;Subdivision;Chapter;Subchapter
Entity
Index;Dictionary;Matadata
Language;Localization;Translation
Settings;Customizing;Tree;Configuration;Options
Icon
Javascript;Java script
Key;Keyword;Fulltext;Full text
Release
Settings;Customizing;Configuration;Options
Token
Integration;Compatibility
HelpViewer
Link;Hyperlink
